<?xml version="1.0" encoding="UTF-8"?>
<testng-results ignored="0" total="3" passed="3" failed="0" skipped="0">
  <reporter-output>
  </reporter-output>
  <suite started-at="2023-02-19T00:26:46 IST" name="Default suite" finished-at="2023-02-19T00:27:17 IST" duration-ms="30955">
    <groups>
    </groups>
    <test started-at="2023-02-19T00:26:46 IST" name="Default test" finished-at="2023-02-19T00:27:17 IST" duration-ms="30955">
      <class name="testcases.BottomlinksTest">
        <test-method is-config="true" signature="TestInitializer()[pri:0, instance:testcases.BottomlinksTest@543588e6]" started-at="2023-02-19T00:26:45 IST" name="TestInitializer" finished-at="2023-02-19T00:26:46 IST" duration-ms="168" status="PASS">
          <reporter-output>
          </reporter-output>
        </test-method> <!-- TestInitializer -->
        <test-method is-config="true" signature="startup()[pri:0, instance:testcases.BottomlinksTest@543588e6]" started-at="2023-02-19T00:26:46 IST" name="startup" finished-at="2023-02-19T00:26:55 IST" duration-ms="9046" status="PASS">
          <reporter-output>
          </reporter-output>
        </test-method> <!-- startup -->
        <test-method signature="Bottomlink1()[pri:0, instance:testcases.BottomlinksTest@543588e6]" started-at="2023-02-19T00:26:55 IST" name="Bottomlink1" finished-at="2023-02-19T00:26:55 IST" duration-ms="110" status="PASS">
          <reporter-output>
          </reporter-output>
        </test-method> <!-- Bottomlink1 -->
        <test-method is-config="true" signature="testCloserIT(org.testng.ITestResult)[pri:0, instance:testcases.BottomlinksTest@543588e6]" started-at="2023-02-19T00:26:55 IST" name="testCloserIT" finished-at="2023-02-19T00:26:55 IST" duration-ms="2" status="PASS">
          <params>
            <param index="0">
              <value>
                <![CDATA[[TestResult name=Bottomlink1 status=SUCCESS method=BottomlinksTest.Bottomlink1()[pri:0, instance:testcases.BottomlinksTest@543588e6] output={null}]]]>
              </value>
            </param>
          </params>
          <reporter-output>
          </reporter-output>
        </test-method> <!-- testCloserIT -->
        <test-method is-config="true" signature="startup()[pri:0, instance:testcases.BottomlinksTest@543588e6]" started-at="2023-02-19T00:26:55 IST" name="startup" finished-at="2023-02-19T00:27:03 IST" duration-ms="8152" status="PASS">
          <reporter-output>
          </reporter-output>
        </test-method> <!-- startup -->
        <test-method signature="Bottomlink2()[pri:0, instance:testcases.BottomlinksTest@543588e6]" started-at="2023-02-19T00:27:03 IST" name="Bottomlink2" finished-at="2023-02-19T00:27:03 IST" duration-ms="83" status="PASS">
          <reporter-output>
          </reporter-output>
        </test-method> <!-- Bottomlink2 -->
        <test-method is-config="true" signature="testCloserIT(org.testng.ITestResult)[pri:0, instance:testcases.BottomlinksTest@543588e6]" started-at="2023-02-19T00:27:03 IST" name="testCloserIT" finished-at="2023-02-19T00:27:03 IST" duration-ms="0" status="PASS">
          <params>
            <param index="0">
              <value>
                <![CDATA[[TestResult name=Bottomlink2 status=SUCCESS method=BottomlinksTest.Bottomlink2()[pri:0, instance:testcases.BottomlinksTest@543588e6] output={null}]]]>
              </value>
            </param>
          </params>
          <reporter-output>
          </reporter-output>
        </test-method> <!-- testCloserIT -->
        <test-method is-config="true" signature="startup()[pri:0, instance:testcases.BottomlinksTest@543588e6]" started-at="2023-02-19T00:27:03 IST" name="startup" finished-at="2023-02-19T00:27:16 IST" duration-ms="13274" status="PASS">
          <reporter-output>
          </reporter-output>
        </test-method> <!-- startup -->
        <test-method signature="Bottomlink3()[pri:0, instance:testcases.BottomlinksTest@543588e6]" started-at="2023-02-19T00:27:16 IST" name="Bottomlink3" finished-at="2023-02-19T00:27:17 IST" duration-ms="264" status="PASS">
          <reporter-output>
          </reporter-output>
        </test-method> <!-- Bottomlink3 -->
        <test-method is-config="true" signature="testCloserIT(org.testng.ITestResult)[pri:0, instance:testcases.BottomlinksTest@543588e6]" started-at="2023-02-19T00:27:17 IST" name="testCloserIT" finished-at="2023-02-19T00:27:17 IST" duration-ms="1" status="PASS">
          <params>
            <param index="0">
              <value>
                <![CDATA[[TestResult name=Bottomlink3 status=SUCCESS method=BottomlinksTest.Bottomlink3()[pri:0, instance:testcases.BottomlinksTest@543588e6] output={null}]]]>
              </value>
            </param>
          </params>
          <reporter-output>
          </reporter-output>
        </test-method> <!-- testCloserIT -->
        <test-method is-config="true" signature="FinalTest()[pri:0, instance:testcases.BottomlinksTest@543588e6]" started-at="2023-02-19T00:27:17 IST" name="FinalTest" finished-at="2023-02-19T00:27:17 IST" duration-ms="496" status="PASS">
          <reporter-output>
          </reporter-output>
        </test-method> <!-- FinalTest -->
      </class> <!-- testcases.BottomlinksTest -->
    </test> <!-- Default test -->
  </suite> <!-- Default suite -->
</testng-results>
