<?xml version="1.0" encoding="UTF-8"?>
<!-- Generated by org.testng.reporters.JUnitXMLReporter -->
<testsuite ignored="0" hostname="MADHUMITHA" failures="0" tests="3" name="Default test" time="30.955" errors="0" timestamp="2023-02-19T00:27:17 IST">
  <testcase classname="testcases.BottomlinksTest" name="Bottomlink1" time="0.11"/>
  <testcase classname="testcases.BottomlinksTest" name="Bottomlink2" time="0.083"/>
  <testcase classname="testcases.BottomlinksTest" name="Bottomlink3" time="0.264"/>
</testsuite> <!-- Default test -->
